2018-04-26 20:34:46.683  INFO 14888 --- [main] i.g.j.registry.JHipsterRegistryApp       : The following profiles are active: swagger,dev,native
2018-04-26 20:37:51.144  INFO 14888 --- [main] i.g.j.registry.config.WebConfigurer      : Web application configuration, using profiles: swagger
2018-04-26 20:37:51.618  INFO 14888 --- [main] i.g.j.registry.config.WebConfigurer      : Web application fully configured
2018-04-26 20:38:03.530  WARN 14888 --- [main] c.n.c.sources.URLConfigurationSource     : No URLs will be polled as dynamic configuration sources.
2018-04-26 20:38:52.617  WARN 14888 --- [main] c.n.c.sources.URLConfigurationSource     : No URLs will be polled as dynamic configuration sources.
2018-04-26 20:39:15.403 DEBUG 14888 --- [main] i.g.j.c.apidoc.SwaggerConfiguration      : Starting Swagger
2018-04-26 20:39:15.934 DEBUG 14888 --- [main] i.g.j.c.apidoc.SwaggerConfiguration      : Started Swagger in 527 ms
2018-04-26 20:39:51.734  INFO 14888 --- [main] com.netflix.discovery.DiscoveryClient    : Initializing Eureka in region us-east-1
2018-04-26 20:39:51.742  INFO 14888 --- [main] com.netflix.discovery.DiscoveryClient    : Client configured to neither register nor query for data.
2018-04-26 20:39:52.197  INFO 14888 --- [main] com.netflix.discovery.DiscoveryClient    : Discovery Client initialized at timestamp 1524796792197 with initial instances count: 0
2018-04-26 20:40:02.740  INFO 14888 --- [main] c.n.d.provider.DiscoveryJerseyProvider   : Using JSON encoding codec LegacyJacksonJson
2018-04-26 20:40:02.794  INFO 14888 --- [main] c.n.d.provider.DiscoveryJerseyProvider   : Using JSON decoding codec LegacyJacksonJson
2018-04-26 20:40:02.837  INFO 14888 --- [main] c.n.d.provider.DiscoveryJerseyProvider   : Using XML encoding codec XStreamXml
2018-04-26 20:40:02.859  INFO 14888 --- [main] c.n.d.provider.DiscoveryJerseyProvider   : Using XML decoding codec XStreamXml
2018-04-26 20:40:20.670  WARN 14888 --- [main] o.s.j.e.a.AnnotationMBeanExporter        : Bean with key 'zuulEndpoint' has been registered as an MBean but has no exposed attributes or operations
2018-04-26 20:40:41.322  INFO 14888 --- [main] i.g.j.registry.JHipsterRegistryApp       : Started JHipsterRegistryApp in 437.387 seconds (JVM running for 471.79)
2018-04-26 20:40:41.327  INFO 14888 --- [main] i.g.j.registry.JHipsterRegistryApp       : 
----------------------------------------------------------
	Application 'jhipster-registry' is running! Access URLs:
	Local: 		http://localhost:8761
	External: 	http://192.168.94.2:8761
	Profile(s): 	[swagger, dev, native]
----------------------------------------------------------
2018-04-26 20:42:07.808  WARN 14888 --- [XNIO-2 task-1] o.s.c.n.zuul.web.ZuulHandlerMapping      : No routes found from RouteLocator
2018-04-26 20:48:11.213  INFO 14888 --- [XNIO-2 task-12] c.n.d.provider.DiscoveryJerseyProvider   : Using JSON encoding codec LegacyJacksonJson
2018-04-26 20:48:11.216  INFO 14888 --- [XNIO-2 task-12] c.n.d.provider.DiscoveryJerseyProvider   : Using JSON decoding codec LegacyJacksonJson
2018-04-26 20:48:11.227  INFO 14888 --- [XNIO-2 task-12] c.n.d.provider.DiscoveryJerseyProvider   : Using XML encoding codec XStreamXml
2018-04-26 20:48:11.230  INFO 14888 --- [XNIO-2 task-12] c.n.d.provider.DiscoveryJerseyProvider   : Using XML decoding codec XStreamXml
2018-04-26 20:48:31.160  WARN 14888 --- [XNIO-2 task-7] c.n.e.registry.AbstractInstanceRegistry  : DS: Registry: lease doesn't exist, registering resource: ROOMSERVICE - roomservice:4cb0c71421d2657889a2fde66efee7f7
2018-04-26 20:48:31.163  WARN 14888 --- [XNIO-2 task-7] c.n.eureka.resources.InstanceResource    : Not Found (Renew): ROOMSERVICE - roomservice:4cb0c71421d2657889a2fde66efee7f7
2018-04-26 20:48:31.958  WARN 14888 --- [XNIO-2 task-13] c.n.e.registry.AbstractInstanceRegistry  : DS: Registry: lease doesn't exist, registering resource: ROOMSERVICE - roomservice:4cb0c71421d2657889a2fde66efee7f7
2018-04-26 20:48:31.971  WARN 14888 --- [XNIO-2 task-13] c.n.eureka.resources.InstanceResource    : Not Found (Renew): ROOMSERVICE - roomservice:4cb0c71421d2657889a2fde66efee7f7
2018-04-26 20:48:36.778  INFO 14888 --- [pool-4-thread-1] i.g.j.r.service.ZuulUpdaterService       : Zuul routes have changed - refreshing the configuration
2018-04-26 20:51:09.440  WARN 14888 --- [TaskBatchingWorker-target_localhost-18] c.n.eureka.cluster.ReplicationTask       : The replication of task ROOMSERVICE/roomservice:4cb0c71421d2657889a2fde66efee7f7:Heartbeat@localhost failed with response code 409
